\BOOKMARK [1][-]{section.1}{Introduzione e scopo dell'esperienza}{}% 1
\BOOKMARK [2][-]{subsection.1.1}{Apparato sperimentale}{section.1}% 2
\BOOKMARK [1][-]{section.2}{Studio del segnale del primo fotomoltiplicatore \(PM7\)}{}% 3
\BOOKMARK [2][-]{subsection.2.1}{Visualizzazione del segnale all'oscilloscopio}{section.2}% 4
\BOOKMARK [2][-]{subsection.2.2}{Studio della frequenza di trigger al variare della soglia di trigger}{section.2}% 5
\BOOKMARK [2][-]{subsection.2.3}{Studio del segnale in uscita dal discriminatore}{section.2}% 6
\BOOKMARK [2][-]{subsection.2.4}{Contatore NIM in singola}{section.2}% 7
\BOOKMARK [3][-]{subsubsection.2.4.1}{Confronto tra i conteggi e la frequenza di trigger}{subsection.2.4}% 8
\BOOKMARK [3][-]{subsubsection.2.4.2}{Numero di conteggi per unit\340 di tempo al variare della tensione di alimentazione del fotomoltiplicatore}{subsection.2.4}% 9
\BOOKMARK [1][-]{section.3}{Studio dei tre fotomoltiplicatori pi\371 in alto \(PM7, PM5 e PM4\)}{}% 10
\BOOKMARK [1][-]{section.4}{Unit\340 di coincidenza}{}% 11
\BOOKMARK [2][-]{subsection.4.1}{Ritardo introdotto dall'unit\340 di coincidenza}{section.4}% 12
\BOOKMARK [2][-]{subsection.4.2}{Conteggi e incertezze sui conteggi}{section.4}% 13
\BOOKMARK [2][-]{subsection.4.3}{Conteggi delle coincidenze doppie, triple e dell'efficienza}{section.4}% 14
\BOOKMARK [1][-]{section.5}{Efficienza dei fotomoltiplicatori al variare dell'alimentazione}{}% 15
\BOOKMARK [2][-]{subsection.5.1}{Efficienza del secondo fotomoltiplicatore \(PM5\) al variare della sua alimentazione}{section.5}% 16
\BOOKMARK [3][-]{subsubsection.5.1.1}{Tabella con le misure per 2}{subsection.5.1}% 17
\BOOKMARK [3][-]{subsubsection.5.1.2}{Grafico di 2 al variare dell'alimentazione di PM5}{subsection.5.1}% 18
\BOOKMARK [3][-]{subsubsection.5.1.3}{Coincidenze accidentali}{subsection.5.1}% 19
\BOOKMARK [3][-]{subsubsection.5.1.4}{Nota sui conteggi in singola di PM5 a tensioni di alimentazione alte}{subsection.5.1}% 20
\BOOKMARK [2][-]{subsection.5.2}{Efficienza del primo fotomoltiplicatore \(PM7\) al variare della sua alimentazione}{section.5}% 21
\BOOKMARK [2][-]{subsection.5.3}{Efficienza del terzo fotomoltiplicatore \(PM4\) al variare della sua alimentazione}{section.5}% 22
\BOOKMARK [3][-]{subsubsection.5.3.1}{Commenti sulle misure di efficienza dei tre fotomoltiplicatori}{subsection.5.3}% 23
